Arguments: 
  /Users/drewdecarme/.nvm/versions/node/v16.13.0/bin/node /usr/local/Cellar/yarn/1.22.17/libexec/bin/yarn.js build

PATH: 
  /usr/local/opt/icu4c/sbin:/usr/local/opt/icu4c/bin:/Users/drewdecarme/.nvm/versions/node/v16.13.0/bin:/usr/local/bin:/usr/bin:/bin:/usr/sbin:/sbin:/Library/Apple/usr/bin

Yarn version: 
  1.22.17

Node version: 
  16.13.0

Platform: 
  darwin x64

Trace: 
  SyntaxError: /Users/drewdecarme/git/personal/lightweight-components/packages/components/package.json: Unexpected token / in JSON at position 831
      at JSON.parse (<anonymous>)
      at /usr/local/Cellar/yarn/1.22.17/libexec/lib/cli.js:1625:59
      at Generator.next (<anonymous>)
      at step (/usr/local/Cellar/yarn/1.22.17/libexec/lib/cli.js:310:30)
      at /usr/local/Cellar/yarn/1.22.17/libexec/lib/cli.js:321:13

npm manifest: 
  {
    "name": "@lc/components",
    "version": "1.0.0",
    "main": "lib/index.cjs",
    "module": "lib/index.mjs",
    "types": "lib/types.d.ts",
    "scripts": {
      "dev": "parcel watch",
      "build": "parcel build"
    },
    "devDependencies": {
      "@parcel/packager-ts": "^2.0.0",
      "@parcel/transformer-sass": "^2.0.0",
      "@parcel/transformer-typescript-tsc": "^2.0.0",
      "@parcel/transformer-typescript-types": "^2.0.0",
      "@types/react": "^17.0.33",
      "@types/react-dom": "^17.0.10",
      "autoprefixer": "^10.4.0",
      "eslint": "7",
      "eslint-plugin-react": "^7.26.1",
      "parcel": "^2.0.0",
      "postcss": "^8.3.11",
      "typescript": "^4.4.4"
    },
    "dependencies": {
      "@parcel/transformer-react-refresh-wrap": "^2.0.0",
      "clsx": "^1.1.1",
      "react": "^17.0.2",
      "react-dom": "^17.0.2"
    },
    "targets": {
      // "module": {
      //   "source": "src/index.ts",
      //   "distDir": "lib/",
      //   "includeNodeModules": [
      //     "clsx"
      //   ]
      // },
      // "main": {
      //   "source": "src/index.ts",
      //   "distDir": "lib/",
      //   "includeNodeModules": [
      //     "clsx"
      //   ]
      // },
      "theme": {
        "source": "src/theme/index.scss",
        "distDir": "theme/"
      }
    }
  }

yarn manifest: 
  No manifest

Lockfile: 
  No lockfile
